Running: /opt/Xilinx/14.7/ISE_DS/ISE/bin/lin64/unwrapped/fuse -relaunch -intstyle "ise" -incremental -lib "unisims_ver" -lib "unimacro_ver" -lib "xilinxcorelib_ver" -lib "secureip" -o "/home/parallels/ucla/csm152a/labs/csm152a/lab0/counter_TB_isim_beh.exe" -prj "/home/parallels/ucla/csm152a/labs/csm152a/lab0/counter_TB_beh.prj" "work.counter_TB" "work.glbl" 
ISim P.20131013 (signature 0xfbc00daa)
Number of CPUs detected in this system: 4
Turning on mult-threading, number of parallel sub-compilation jobs: 8 
Determining compilation order of HDL files
Analyzing Verilog file "/home/parallels/ucla/csm152a/labs/csm152a/lab0/counter.v" into library work
Analyzing Verilog file "/home/parallels/ucla/csm152a/labs/csm152a/lab0/counter_TB.v" into library work
Analyzing Verilog file "/opt/Xilinx/14.7/ISE_DS/ISE//verilog/src/glbl.v" into library work
Starting static elaboration
Completed static elaboration
Fuse Memory Usage: 97456 KB
Fuse CPU Usage: 810 ms
Compiling module counter
Compiling module counter_TB
Compiling module glbl
Time Resolution for simulation is 1ps.
Compiled 3 Verilog Units
Built simulation executable /home/parallels/ucla/csm152a/labs/csm152a/lab0/counter_TB_isim_beh.exe
Fuse Memory Usage: 657628 KB
Fuse CPU Usage: 810 ms
GCC CPU Usage: 120 ms
