ISim log file
Running: /home/parallels/ucla/m152acs/labs/csm152a/lab_2/tb_isim_beh.exe -intstyle ise -gui -tclbatch isim.cmd -wdb /home/parallels/ucla/m152acs/labs/csm152a/lab_2/tb_isim_beh.wdb 
ISim P.20131013 (signature 0xfbc00daa)
WARNING: A WEBPACK license was found.
WARNING: Please use Xilinx License Configuration Manager to check out a full ISim license.
WARNING: ISim will run in Lite mode. Please refer to the ISim documentation for more information on the differences between the Lite and the Full version.
This is a Lite version of ISim.
Time resolution is 1 ps
# onerror resume
# wave add /
ISim P.20131013 (signature 0xfbc00daa)
WARNING: A WEBPACK license was found.
WARNING: Please use Xilinx License Configuration Manager to check out a full ISim license.
WARNING: ISim will run in Lite mode. Please refer to the ISim documentation for more information on the differences between the Lite and the Full version.
This is a Lite version of ISim.
ISim P.20131013 (signature 0xfbc00daa)
WARNING: A WEBPACK license was found.
WARNING: Please use Xilinx License Configuration Manager to check out a full ISim license.
WARNING: ISim will run in Lite mode. Please refer to the ISim documentation for more information on the differences between the Lite and the Full version.
This is a Lite version of ISim.
# run all
Simulator is doing circuit initialization process.
Finished circuit initialization process.
         5 ... led output changed to        00000000
   1501000 ... Running instruction        00000100
   5243925 ... instruction        00000100 executed
   5243925 ... led output changed to        00000001
   6001000 ... Running instruction        00000000
   9176085 ... instruction        00000000 executed
   9176085 ... led output changed to        00000010
  10501000 ... Running instruction        00010011
  14418965 ... instruction        00010011 executed
  14418965 ... led output changed to        00000011
  15001000 ... Running instruction        10000110
  18351125 ... instruction        10000110 executed
  18351125 ... led output changed to        00000100
  19501000 ... Running instruction        01100011
  23594005 ... instruction        01100011 executed
  23594005 ... led output changed to        00000101
  24001000 ... Sending with data:        00000000
  28501000 ... Sending with data:        00010000
  28836875 ... instruction        11010000 executed
  28836875 ... led output changed to        00000110
  28845405 UART0 Received byte 30 (0)
  28856425 UART0 Received byte 30 (0)
  28867445 UART0 Received byte 30 (0)
  28878465 UART0 Received byte 33 (3)
  28889485 UART0 Received byte 0a (
)
  28900505 UART0 Received byte 0d (
)
  32769035 ... instruction        11010000 executed
  32769035 ... led output changed to        00000111
  32777565 UART0 Received byte 30 (0)
  32788585 UART0 Received byte 30 (0)
  32799605 UART0 Received byte 30 (0)
  32810625 UART0 Received byte 33 (3)
  32821645 UART0 Received byte 0a (
)
  32832665 UART0 Received byte 0d (
)
  33001000 ... Sending with data:        00100000
  37501000 ... Sending with data:        00110000
  38011915 ... instruction        11110000 executed
  38011915 ... led output changed to        00001000
  38020445 UART0 Received byte 30 (0)
  38031465 UART0 Received byte 31 (1)
  38042485 UART0 Received byte 30 (0)
  38053505 UART0 Received byte 30 (0)
  38064525 UART0 Received byte 0a (
)
  38075545 UART0 Received byte 0d (
)
  41944075 ... instruction        11110000 executed
  41944075 ... led output changed to        00001001
  41952605 UART0 Received byte 30 (0)
  41963625 UART0 Received byte 31 (1)
  41974645 UART0 Received byte 30 (0)
  41985665 UART0 Received byte 30 (0)
  41996685 UART0 Received byte 0a (
)
Stopped at time : 42002 us : File "/home/parallels/ucla/m152acs/labs/csm152a/lab_2/tb.v" Line 43
ISim P.20131013 (signature 0xfbc00daa)
WARNING: A WEBPACK license was found.
WARNING: Please use Xilinx License Configuration Manager to check out a full ISim license.
WARNING: ISim will run in Lite mode. Please refer to the ISim documentation for more information on the differences between the Lite and the Full version.
This is a Lite version of ISim.
# run all
Simulator is doing circuit initialization process.
Finished circuit initialization process.
         5 ... led output changed to        00000000
   1501000 ... Running instruction        00000100
   5243925 ... instruction        00000100 executed
   5243925 ... led output changed to        00000001
   6001000 ... Running instruction        00000000
   9176085 ... instruction        00000000 executed
   9176085 ... led output changed to        00000010
  10501000 ... Running instruction        00010011
  14418965 ... instruction        00010011 executed
  14418965 ... led output changed to        00000011
  15001000 ... Running instruction        10000110
  18351125 ... instruction        10000110 executed
  18351125 ... led output changed to        00000100
  19501000 ... Running instruction        01100011
  23594005 ... instruction        01100011 executed
  23594005 ... led output changed to        00000101
  24001000 ... Sending with data:        00000000
  28501000 ... Sending with data:        00010000
  28836875 ... instruction        11010000 executed
  28836875 ... led output changed to        00000110
  28845405 UART0 Received byte 30 (0)
  28856425 UART0 Received byte 30 (0)
  28867445 UART0 Received byte 30 (0)
  28878465 UART0 Received byte 33 (3)
  28889485 UART0 Received byte 0a (
)
  28900505 UART0 Received byte 0d (
)
  32769035 ... instruction        11010000 executed
  32769035 ... led output changed to        00000111
  32777565 UART0 Received byte 30 (0)
  32788585 UART0 Received byte 30 (0)
  32799605 UART0 Received byte 30 (0)
  32810625 UART0 Received byte 33 (3)
  32821645 UART0 Received byte 0a (
)
  32832665 UART0 Received byte 0d (
)
  33001000 ... Sending with data:        00100000
  37501000 ... Sending with data:        00110000
  38011915 ... instruction        11110000 executed
  38011915 ... led output changed to        00001000
  38020445 UART0 Received byte 30 (0)
  38031465 UART0 Received byte 31 (1)
  38042485 UART0 Received byte 30 (0)
  38053505 UART0 Received byte 30 (0)
  38064525 UART0 Received byte 0a (
)
  38075545 UART0 Received byte 0d (
)
  41944075 ... instruction        11110000 executed
  41944075 ... led output changed to        00001001
  41952605 UART0 Received byte 30 (0)
  41963625 UART0 Received byte 31 (1)
  41974645 UART0 Received byte 30 (0)
  41985665 UART0 Received byte 30 (0)
  41996685 UART0 Received byte 0a (
)
Stopped at time : 42002 us : File "/home/parallels/ucla/m152acs/labs/csm152a/lab_2/tb.v" Line 43
ISim P.20131013 (signature 0xfbc00daa)
WARNING: A WEBPACK license was found.
WARNING: Please use Xilinx License Configuration Manager to check out a full ISim license.
WARNING: ISim will run in Lite mode. Please refer to the ISim documentation for more information on the differences between the Lite and the Full version.
This is a Lite version of ISim.
# run all
Simulator is doing circuit initialization process.
Finished circuit initialization process.
         5 ... led output changed to        00000000
   1501000 ... Running instruction        00000100
   5243925 ... instruction        00000100 executed
   5243925 ... led output changed to        00000001
   6001000 ... Running instruction        00000000
   9176085 ... instruction        00000000 executed
   9176085 ... led output changed to        00000010
  10501000 ... Running instruction        00010011
  14418965 ... instruction        00010011 executed
  14418965 ... led output changed to        00000011
  15001000 ... Running instruction        10000110
  18351125 ... instruction        10000110 executed
  18351125 ... led output changed to        00000100
  19501000 ... Running instruction        01100011
  23594005 ... instruction        01100011 executed
  23594005 ... led output changed to        00000101
  24001000 ... Sending with data:        00000000
  28501000 ... Sending with data:        00010000
  28836875 ... instruction        11010000 executed
  28836875 ... led output changed to        00000110
  28845405 UART0 Received byte 30 (0)
  28856425 UART0 Received byte 30 (0)
  28867445 UART0 Received byte 30 (0)
  28878465 UART0 Received byte 33 (3)
Received byte 00001010 from UART task
Contents of rxBuffer: 30303033 (0003)
  28889485 UART0 Received byte 0a (
)
  28900505 UART0 Received byte 0d (
)
  32769035 ... instruction        11010000 executed
  32769035 ... led output changed to        00000111
  32777565 UART0 Received byte 30 (0)
  32788585 UART0 Received byte 30 (0)
  32799605 UART0 Received byte 30 (0)
  32810625 UART0 Received byte 33 (3)
Received byte 00001010 from UART task
Contents of rxBuffer: 30303033 (0003)
  32821645 UART0 Received byte 0a (
)
  32832665 UART0 Received byte 0d (
)
  33001000 ... Sending with data:        00100000
  37501000 ... Sending with data:        00110000
  38011915 ... instruction        11110000 executed
  38011915 ... led output changed to        00001000
  38020445 UART0 Received byte 30 (0)
  38031465 UART0 Received byte 31 (1)
  38042485 UART0 Received byte 30 (0)
  38053505 UART0 Received byte 30 (0)
Received byte 00001010 from UART task
Contents of rxBuffer: 30313030 (0100)
  38064525 UART0 Received byte 0a (
)
  38075545 UART0 Received byte 0d (
)
  41944075 ... instruction        11110000 executed
  41944075 ... led output changed to        00001001
  41952605 UART0 Received byte 30 (0)
  41963625 UART0 Received byte 31 (1)
  41974645 UART0 Received byte 30 (0)
  41985665 UART0 Received byte 30 (0)
Received byte 00001010 from UART task
Contents of rxBuffer: 30313030 (0100)
  41996685 UART0 Received byte 0a (
)
Stopped at time : 42002 us : File "/home/parallels/ucla/m152acs/labs/csm152a/lab_2/tb.v" Line 43
