Release 14.7 Map P.20131013 (lin64)
Xilinx Mapping Report File for Design 'nexys3'

Design Information
------------------
Command Line   : map -intstyle ise -p xc3sd1800a-fg676-4 -cm area -ir off -pr
off -c 100 -o nexys3_map.ncd nexys3.ngd nexys3.pcf 
Target Device  : xc3sd1800a
Target Package : fg676
Target Speed   : -4
Mapper Version : spartan3adsp -- $Revision: 1.55 $
Mapped Date    : Thu Feb  6 12:58:22 2020

Design Summary
--------------
Number of errors   :   6
Number of warnings :   0

Section 1 - Errors
------------------
ERROR:MapLib:30 - LOC constraint M11 on led<4> is invalid: No such site on the
   device. To bypass this error set the environment variable 'XIL_MAP_LOCWARN'.
ERROR:MapLib:30 - LOC constraint N11 on led<5> is invalid: No such site on the
   device. To bypass this error set the environment variable 'XIL_MAP_LOCWARN'.
ERROR:MapLib:30 - LOC constraint R11 on led<6> is invalid: No such site on the
   device. To bypass this error set the environment variable 'XIL_MAP_LOCWARN'.
ERROR:MapLib:30 - LOC constraint T11 on led<7> is invalid: No such site on the
   device. To bypass this error set the environment variable 'XIL_MAP_LOCWARN'.
ERROR:MapLib:30 - LOC constraint V9 on sw<2> is invalid: No such site on the
   device. To bypass this error set the environment variable 'XIL_MAP_LOCWARN'.
ERROR:MapLib:30 - LOC constraint N8 on sw<4> is invalid: No such site on the
   device. To bypass this error set the environment variable 'XIL_MAP_LOCWARN'.

Section 2 - Warnings
--------------------

Section 3 - Informational
-------------------------
INFO:LIT:243 - Logical network RsRx_IBUF has no load.

Section 4 - Removed Logic Summary
---------------------------------

Section 5 - Removed Logic
-------------------------
