Command line:
   twos_comp_to_sm_converter_TB_isim_beh.exe
     -simmode  gui
     -simrunnum  0
     -socket  47681

Tue Jan 14 10:01:16 2020


 Elaboration Time: 0.02 sec

 Current Memory Usage: 252.805 Meg

 Total Signals          : 16
 Total Nets             : 38
 Total Signal Drivers   : 8
 Total Blocks           : 3
 Total Primitive Blocks : 2
 Total Processes        : 49
 Total Traceable Variables  : 22
 Total Scalar Nets and Variables : 175
Total Line Count : 69

 Total Simulation Time: 0.05 sec

 Current Memory Usage: 328.307 Meg

Tue Jan 14 10:08:01 2020

