Release 14.7 - xst P.20131013 (lin64)
Copyright (c) 1995-2013 Xilinx, Inc.  All rights reserved.
--> 
Parameter TMPDIR set to xst/projnav.tmp


Total REAL time to Xst completion: 0.00 secs
Total CPU time to Xst completion: 0.04 secs
 
--> 
Parameter xsthdpdir set to xst


Total REAL time to Xst completion: 0.00 secs
Total CPU time to Xst completion: 0.04 secs
 
--> 
Reading design: FPCVT.prj

TABLE OF CONTENTS
  1) Synthesis Options Summary
  2) HDL Parsing
  3) HDL Elaboration
  4) HDL Synthesis
       4.1) HDL Synthesis Report
  5) Advanced HDL Synthesis
       5.1) Advanced HDL Synthesis Report
  6) Low Level Synthesis
  7) Partition Report
  8) Design Summary
       8.1) Primitive and Black Box Usage
       8.2) Device utilization summary
       8.3) Partition Resource Summary
       8.4) Timing Report
            8.4.1) Clock Information
            8.4.2) Asynchronous Control Signals Information
            8.4.3) Timing Summary
            8.4.4) Timing Details
            8.4.5) Cross Clock Domains Report


=========================================================================
*                      Synthesis Options Summary                        *
=========================================================================
---- Source Parameters
Input File Name                    : "FPCVT.prj"
Ignore Synthesis Constraint File   : NO

---- Target Parameters
Output File Name                   : "FPCVT"
Output Format                      : NGC
Target Device                      : xc6slx16-3-csg324

---- Source Options
Top Module Name                    : FPCVT
Automatic FSM Extraction           : YES
FSM Encoding Algorithm             : Auto
Safe Implementation                : No
FSM Style                          : LUT
RAM Extraction                     : Yes
RAM Style                          : Auto
ROM Extraction                     : Yes
Shift Register Extraction          : YES
ROM Style                          : Auto
Resource Sharing                   : YES
Asynchronous To Synchronous        : NO
Shift Register Minimum Size        : 2
Use DSP Block                      : Auto
Automatic Register Balancing       : No

---- Target Options
LUT Combining                      : Auto
Reduce Control Sets                : Auto
Add IO Buffers                     : YES
Global Maximum Fanout              : 100000
Add Generic Clock Buffer(BUFG)     : 16
Register Duplication               : YES
Optimize Instantiated Primitives   : NO
Use Clock Enable                   : Auto
Use Synchronous Set                : Auto
Use Synchronous Reset              : Auto
Pack IO Registers into IOBs        : Auto
Equivalent register Removal        : YES

---- General Options
Optimization Goal                  : Speed
Optimization Effort                : 1
Power Reduction                    : NO
Keep Hierarchy                     : No
Netlist Hierarchy                  : As_Optimized
RTL Output                         : Yes
Global Optimization                : AllClockNets
Read Cores                         : YES
Write Timing Constraints           : NO
Cross Clock Analysis               : NO
Hierarchy Separator                : /
Bus Delimiter                      : <>
Case Specifier                     : Maintain
Slice Utilization Ratio            : 100
BRAM Utilization Ratio             : 100
DSP48 Utilization Ratio            : 100
Auto BRAM Packing                  : NO
Slice Utilization Ratio Delta      : 5

=========================================================================


=========================================================================
*                          HDL Parsing                                  *
=========================================================================
Analyzing Verilog file "/home/parallels/ucla/m152acs/labs/csm152a/lab_1/FPCVT.v" into library work
Parsing module <twos_comp_to_sm_converter>.
Parsing module <priority_encoder>.
Parsing module <significand_extractor>.
Parsing module <rounding>.
Parsing module <FPCVT>.

=========================================================================
*                            HDL Elaboration                            *
=========================================================================

Elaborating module <FPCVT>.

Elaborating module <twos_comp_to_sm_converter>.

Elaborating module <priority_encoder>.

Elaborating module <significand_extractor>.

Elaborating module <rounding>.

=========================================================================
*                           HDL Synthesis                               *
=========================================================================

Synthesizing Unit <FPCVT>.
    Related source file is "/home/parallels/ucla/m152acs/labs/csm152a/lab_1/FPCVT.v".
    Summary:
	no macro.
Unit <FPCVT> synthesized.

Synthesizing Unit <twos_comp_to_sm_converter>.
    Related source file is "/home/parallels/ucla/m152acs/labs/csm152a/lab_1/FPCVT.v".
        SIGN_BIT = 11
    Found 12-bit adder for signal <D[11]_GND_2_o_add_3_OUT> created at line 30.
    Summary:
	inferred   1 Adder/Subtractor(s).
	inferred   2 Multiplexer(s).
Unit <twos_comp_to_sm_converter> synthesized.

Synthesizing Unit <priority_encoder>.
    Related source file is "/home/parallels/ucla/m152acs/labs/csm152a/lab_1/FPCVT.v".
    Summary:
	no macro.
Unit <priority_encoder> synthesized.

Synthesizing Unit <significand_extractor>.
    Related source file is "/home/parallels/ucla/m152acs/labs/csm152a/lab_1/FPCVT.v".
    Found 4-bit subtractor for signal <GND_4_o_GND_4_o_sub_2_OUT> created at line 68.
    Found 12-bit shifter logical right for signal <D[11]_GND_4_o_shift_right_2_OUT> created at line 68
    Summary:
	inferred   1 Adder/Subtractor(s).
	inferred   1 Multiplexer(s).
	inferred   1 Combinational logic shifter(s).
Unit <significand_extractor> synthesized.

Synthesizing Unit <rounding>.
    Related source file is "/home/parallels/ucla/m152acs/labs/csm152a/lab_1/FPCVT.v".
    Found 4-bit adder for signal <significand[3]_GND_5_o_add_2_OUT> created at line 96.
    Found 3-bit adder for signal <exponent[2]_GND_5_o_add_4_OUT> created at line 104.
    Summary:
	inferred   2 Adder/Subtractor(s).
	inferred   5 Multiplexer(s).
Unit <rounding> synthesized.

=========================================================================
HDL Synthesis Report

Macro Statistics
# Adders/Subtractors                                   : 4
 12-bit adder                                          : 1
 3-bit adder                                           : 1
 4-bit adder                                           : 1
 4-bit subtractor                                      : 1
# Multiplexers                                         : 8
 12-bit 2-to-1 multiplexer                             : 3
 3-bit 2-to-1 multiplexer                              : 3
 4-bit 2-to-1 multiplexer                              : 2
# Logic shifters                                       : 1
 12-bit shifter logical right                          : 1

=========================================================================

=========================================================================
*                       Advanced HDL Synthesis                          *
=========================================================================


=========================================================================
Advanced HDL Synthesis Report

Macro Statistics
# Adders/Subtractors                                   : 4
 12-bit adder                                          : 1
 3-bit adder                                           : 1
 4-bit adder                                           : 1
 4-bit subtractor                                      : 1
# Multiplexers                                         : 8
 12-bit 2-to-1 multiplexer                             : 3
 3-bit 2-to-1 multiplexer                              : 3
 4-bit 2-to-1 multiplexer                              : 2
# Logic shifters                                       : 1
 12-bit shifter logical right                          : 1

=========================================================================

=========================================================================
*                         Low Level Synthesis                           *
=========================================================================

Optimizing unit <FPCVT> ...

Optimizing unit <twos_comp_to_sm_converter> ...

Mapping all equations...
Building and optimizing final netlist ...
Found area constraint ratio of 100 (+ 5) on block FPCVT, actual ratio is 1.

Final Macro Processing ...

=========================================================================
Final Register Report

Found no macro
=========================================================================

=========================================================================
*                           Partition Report                            *
=========================================================================

Partition Implementation Status
-------------------------------

  No Partitions were found in this design.

-------------------------------

=========================================================================
*                            Design Summary                             *
=========================================================================

Top Level Output File Name         : FPCVT.ngc

Primitive and Black Box Usage:
------------------------------
# BELS                             : 88
#      GND                         : 1
#      INV                         : 11
#      LUT1                        : 1
#      LUT3                        : 3
#      LUT4                        : 6
#      LUT5                        : 18
#      LUT6                        : 24
#      MUXCY                       : 11
#      VCC                         : 1
#      XORCY                       : 12
# IO Buffers                       : 20
#      IBUF                        : 12
#      OBUF                        : 8

Device utilization summary:
---------------------------

Selected Device : 6slx16csg324-3 


Slice Logic Utilization: 
 Number of Slice LUTs:                   63  out of   9112     0%  
    Number used as Logic:                63  out of   9112     0%  

Slice Logic Distribution: 
 Number of LUT Flip Flop pairs used:     63
   Number with an unused Flip Flop:      63  out of     63   100%  
   Number with an unused LUT:             0  out of     63     0%  
   Number of fully used LUT-FF pairs:     0  out of     63     0%  
   Number of unique control sets:         0

IO Utilization: 
 Number of IOs:                          20
 Number of bonded IOBs:                  20  out of    232     8%  

Specific Feature Utilization:

---------------------------
Partition Resource Summary:
---------------------------

  No Partitions were found in this design.

---------------------------


=========================================================================
Timing Report

NOTE: THESE TIMING NUMBERS ARE ONLY A SYNTHESIS ESTIMATE.
      FOR ACCURATE TIMING INFORMATION PLEASE REFER TO THE TRACE REPORT
      GENERATED AFTER PLACE-and-ROUTE.

Clock Information:
------------------
No clock signals found in this design

Asynchronous Control Signals Information:
----------------------------------------
No asynchronous control signals found in this design

Timing Summary:
---------------
Speed Grade: -3

   Minimum period: No path found
   Minimum input arrival time before clock: No path found
   Maximum output required time after clock: No path found
   Maximum combinational path delay: 12.845ns

Timing Details:
---------------
All values displayed in nanoseconds (ns)

=========================================================================
Timing constraint: Default path analysis
  Total number of paths / destination ports: 9545 / 8
-------------------------------------------------------------------------
Delay:               12.845ns (Levels of Logic = 9)
  Source:            D<6> (PAD)
  Destination:       E<2> (PAD)

  Data Path: D<6> to E<2>
                                Gate     Net
    Cell:in->out      fanout   Delay   Delay  Logical Name (Net Name)
    ----------------------------------------  ------------
     IBUF:I->O             3   1.222   1.015  D_6_IBUF (D_6_IBUF)
     LUT6:I0->O           12   0.203   1.253  twos_comp_converter/D[11]_PWR_2_o_equal_1_o2 (twos_comp_converter/D[11]_PWR_2_o_equal_1_o2)
     LUT5:I0->O           19   0.203   1.300  twos_comp_converter/Mmux_SM111 (SM<8>)
     LUT3:I0->O            1   0.205   0.924  leading_extractor/Mmux_D_norm24 (leading_extractor/Mmux_D_norm23)
     LUT6:I1->O            1   0.203   0.827  leading_extractor/Mmux_D_norm25 (leading_extractor/Mmux_D_norm24)
     LUT6:I2->O            4   0.203   1.048  leading_extractor/Mmux_D_norm26 (significand<0>)
     LUT6:I0->O            1   0.203   0.684  rounder/Mmux_E3_SW0 (N2)
     LUT6:I4->O            1   0.203   0.579  rounder/Mmux_E3 (E_2_OBUF)
     OBUF:I->O                 2.571          E_2_OBUF (E<2>)
    ----------------------------------------
    Total                     12.845ns (5.216ns logic, 7.629ns route)
                                       (40.6% logic, 59.4% route)

=========================================================================

Cross Clock Domains Report:
--------------------------

=========================================================================


Total REAL time to Xst completion: 3.00 secs
Total CPU time to Xst completion: 3.24 secs
 
--> 


Total memory usage is 378404 kilobytes

Number of errors   :    0 (   0 filtered)
Number of warnings :    0 (   0 filtered)
Number of infos    :    0 (   0 filtered)

