--------------------------------------------------------------------------------
Release 14.7 Trace  (lin64)
Copyright (c) 1995-2013 Xilinx, Inc.  All rights reserved.

/opt/Xilinx/14.7/ISE_DS/ISE/bin/lin64/unwrapped/trce -intstyle ise -v 3 -s 3 -n
3 -fastpaths -xml FPCVT.twx FPCVT.ncd -o FPCVT.twr FPCVT.pcf

Design file:              FPCVT.ncd
Physical constraint file: FPCVT.pcf
Device,package,speed:     xc6slx16,csg324,C,-3 (PRODUCTION 1.23 2013-10-13)
Report level:             verbose report

Environment Variable      Effect 
--------------------      ------ 
NONE                      No environment variables were set
--------------------------------------------------------------------------------

INFO:Timing:2698 - No timing constraints found, doing default enumeration.
INFO:Timing:3412 - To improve timing, see the Timing Closure User Guide (UG612).
INFO:Timing:2752 - To get complete path coverage, use the unconstrained paths 
   option. All paths that are not constrained will be reported in the 
   unconstrained paths section(s) of the report.
INFO:Timing:3339 - The clock-to-out numbers in this timing report are based on 
   a 50 Ohm transmission line loading model.  For the details of this model, 
   and for more information on accounting for different loading conditions, 
   please see the device datasheet.



Data Sheet report:
-----------------
All values displayed in nanoseconds (ns)

Pad to Pad
---------------+---------------+---------+
Source Pad     |Destination Pad|  Delay  |
---------------+---------------+---------+
D<0>           |E<0>           |   10.636|
D<0>           |E<1>           |   10.658|
D<0>           |E<2>           |   11.928|
D<0>           |F<0>           |   11.789|
D<0>           |F<1>           |   11.596|
D<0>           |F<2>           |   11.619|
D<0>           |F<3>           |   10.323|
D<1>           |E<0>           |   10.591|
D<1>           |E<1>           |   10.449|
D<1>           |E<2>           |   11.712|
D<1>           |F<0>           |   11.573|
D<1>           |F<1>           |   11.380|
D<1>           |F<2>           |   11.410|
D<1>           |F<3>           |   10.107|
D<2>           |E<0>           |   10.522|
D<2>           |E<1>           |   10.505|
D<2>           |E<2>           |   11.814|
D<2>           |F<0>           |   11.675|
D<2>           |F<1>           |   11.482|
D<2>           |F<2>           |   11.466|
D<2>           |F<3>           |   10.209|
D<3>           |E<0>           |   10.421|
D<3>           |E<1>           |   10.088|
D<3>           |E<2>           |   11.475|
D<3>           |F<0>           |   11.336|
D<3>           |F<1>           |   11.067|
D<3>           |F<2>           |   11.121|
D<3>           |F<3>           |    9.794|
D<4>           |E<0>           |   11.303|
D<4>           |E<1>           |   10.635|
D<4>           |E<2>           |   12.357|
D<4>           |F<0>           |   12.218|
D<4>           |F<1>           |   11.852|
D<4>           |F<2>           |   12.003|
D<4>           |F<3>           |   10.343|
D<5>           |E<0>           |   10.397|
D<5>           |E<1>           |   10.384|
D<5>           |E<2>           |   11.746|
D<5>           |F<0>           |   11.607|
D<5>           |F<1>           |   11.414|
D<5>           |F<2>           |   11.392|
D<5>           |F<3>           |   10.141|
D<6>           |E<0>           |   10.213|
D<6>           |E<1>           |   10.242|
D<6>           |E<2>           |   11.604|
D<6>           |F<0>           |   11.465|
D<6>           |F<1>           |   11.272|
D<6>           |F<2>           |   11.250|
D<6>           |F<3>           |    9.999|
D<7>           |E<0>           |   10.188|
D<7>           |E<1>           |    9.985|
D<7>           |E<2>           |   11.334|
D<7>           |F<0>           |   11.195|
D<7>           |F<1>           |   11.002|
D<7>           |F<2>           |   10.980|
D<7>           |F<3>           |    9.729|
D<8>           |E<0>           |   10.316|
D<8>           |E<1>           |   10.376|
D<8>           |E<2>           |   11.738|
D<8>           |F<0>           |   11.599|
D<8>           |F<1>           |   11.406|
D<8>           |F<2>           |   11.384|
D<8>           |F<3>           |   10.133|
D<9>           |E<0>           |    9.741|
D<9>           |E<1>           |   10.184|
D<9>           |E<2>           |   11.546|
D<9>           |F<0>           |   11.407|
D<9>           |F<1>           |   11.214|
D<9>           |F<2>           |   11.192|
D<9>           |F<3>           |    9.941|
D<10>          |E<0>           |   10.101|
D<10>          |E<1>           |   10.094|
D<10>          |E<2>           |   11.456|
D<10>          |F<0>           |   11.317|
D<10>          |F<1>           |   11.124|
D<10>          |F<2>           |   11.102|
D<10>          |F<3>           |    9.851|
D<11>          |E<0>           |   11.241|
D<11>          |E<1>           |   10.573|
D<11>          |E<2>           |   12.295|
D<11>          |F<0>           |   12.156|
D<11>          |F<1>           |   11.790|
D<11>          |F<2>           |   11.941|
D<11>          |F<3>           |   10.281|
D<11>          |S              |    5.646|
---------------+---------------+---------+


Analysis completed Mon Jan 27 17:06:32 2020 
--------------------------------------------------------------------------------

Trace Settings:
-------------------------
Trace Settings 

Peak Memory Usage: 391 MB



