ISim log file
Running: /home/parallels/ucla/csm152a/labs/csm152a/lab_1/priority_encoder_TB_isim_beh.exe -intstyle ise -gui -tclbatch isim.cmd -wdb /home/parallels/ucla/csm152a/labs/csm152a/lab_1/priority_encoder_TB_isim_beh.wdb 
ISim P.20131013 (signature 0xfbc00daa)
WARNING: A WEBPACK license was found.
WARNING: Please use Xilinx License Configuration Manager to check out a full ISim license.
WARNING: ISim will run in Lite mode. Please refer to the ISim documentation for more information on the differences between the Lite and the Full version.
This is a Lite version of ISim.
Time resolution is 1 ps
# onerror resume
# wave add /
# run 2000 ns
Simulator is doing circuit initialization process.
D: 000000000000
Finished circuit initialization process.
exponent: 0
D: 011111111111
exponent: 7
D: 001111111111
exponent: 6
D: 000111111111
exponent: 5
D: 000011111111
exponent: 4
D: 000001111111
exponent: 3
D: 000000111111
exponent: 2
D: 000000011111
exponent: 1
D: 000000001111
exponent: 0
D: 000000000011
D: 000000000001
D: 000000000000
D: 011111111111
exponent: 7
D: 001111111111
exponent: 6
D: 000111111111
exponent: 5
D: 000011111111
exponent: 4
D: 000001111111
exponent: 3
D: 000000111111
exponent: 2
D: 000000011111
exponent: 1
D: 000000001111
exponent: 0
D: 000000000011
D: 000000000001
D: 000000000000
D: 011111111111
exponent: 7
D: 001111111111
exponent: 6
D: 000111111111
exponent: 5
D: 000011111111
exponent: 4
D: 000001111111
exponent: 3
D: 000000111111
exponent: 2
D: 000000011111
exponent: 1
D: 000000001111
exponent: 0
D: 000000000011
D: 000000000001
D: 000000000000
D: 011111111111
exponent: 7
D: 001111111111
exponent: 6
D: 000111111111
exponent: 5
