Command line:
   tb_isim_beh.exe
     -simmode  gui
     -simrunnum  2
     -socket  60923

Tue Jan 28 11:49:05 2020


 Elaboration Time: 0.02 sec

 Current Memory Usage: 252.965 Meg

 Total Signals          : 125
 Total Nets             : 232
 Total Signal Drivers   : 58
 Total Blocks           : 21
 Total Primitive Blocks : 13
 Total Processes        : 80
 Total Traceable Variables  : 198
 Total Scalar Nets and Variables : 11740
Total Line Count : 322

 Total Simulation Time: 6.84 sec

 Current Memory Usage: 328.466 Meg

Tue Jan 28 11:52:06 2020

